irun(64): 15.20-s055: (c) Copyright 1995-2018 Cadence Design Systems, Inc.
TOOL:	irun(64)	15.20-s055: Started on Mar 04, 2020 at 16:35:16 EST
irun
	-l bdw_work/sims/BEHAV_32/irun.log
	-nclibdirpath bdw_work/sims/BEHAV_32
	-sysc
	-incdir /opt/cad/stratus/tools.lnx86/stratus/lib
	-incdir bdw_work/wrappers
	+libext+.v
	+access+r
	+define+BDW_NCSC
	-work BEHAV_32
	-reflib worklib
	-reflib bdw_work/INCA_libs/bdw_worklib
	-messages
	-64bit
	-GCC_VERS 4.1
	-NOTIMINGCHECKS
	-UNBUFFERED
	-CFLAGS -Wl,-rpath,/opt/cad/stratus/tools.lnx86/stratus/lib/64bit
	bdw_work/modules/sha/IOCFG_32/incisive/sha.o
	bdw_work/modules/tb/TESTBENCH_32/incisive/driver.o
	bdw_work/modules/tb/TESTBENCH_32/incisive/memory.o
	bdw_work/modules/tb/TESTBENCH_32/incisive/system.o
	bdw_work/modules/tb/TESTBENCH_32/incisive/sc_main.o
	bdw_work/libesc/incisive/libesc.a
	-top sc_main
	/opt/cad/stratus/tools.lnx86/stratus/lib/64bit/libhubexec.so
	/opt/cad/stratus/tools.lnx86/stratus/lib/64bit/libhub.so
	/opt/cad/stratus/tools.lnx86/stratus/lib/64bit/libbdw_st.so
$CDSROOT = /opt/cad/incisive
$TESTDIR = /home/esp2020/yl4337/SHA/SystemC/Embedded_Scalable_Platform/syn

TOOL:	ncsc(64)	15.20-s055
building library run.so

	Elaborating the design hierarchy:
	Top level design units:
		sc_main
	Building instance specific data structures.
	Design hierarchy summary:
		                 Instances  Unique
		Simulation timescale:  1ps

	SystemC Design Summary:
		                    Instances
		sc_modules:               125
		sc_ports:                 689
		sc_exports:                20
		sc_signals:               367
		sc_methods:               140
		sc_threads:                 8
		sc_cthreads:                1
		sc_events:                 32
	Writing initial simulation snapshot: BEHAV_32.sc_main:sc_module
Loading snapshot BEHAV_32.sc_main:sc_module .................... Done
ncsim> run
Simulation interrupted at 557125195 NS + 0
ncsim> ^C
ncsim> ^C
ncsim> ^C
ncsim> ^C
ncsim> ^C
ncsim> ^C
ncsim> ^C
ncsim> ^C
ncsim> ^C
ncsim> ^C
ncsim> ^C
ncsim> ^C
ncsim> ^C
ncsim> ^C
ncsim> ^C
ncsim> ^C
ncsim> ^C
ncsim> ^C
ncsim> 
ncsim> 
ncsim> 
ncsim> 
TOOL:	irun(64)	15.20-s055: Exiting on Mar 04, 2020 at 16:39:57 EST  (total: 00:04:41)
