Generating dependencies for ../src/sha.cpp 
Generating dependencies for system config TESTBENCH_32 of ../tb/sc_main.cpp
Generating dependencies for system config TESTBENCH_32 of ../tb/system.cpp
Generating dependencies for system config TESTBENCH_32 of ../tb/memory.cpp
Generating dependencies for system config TESTBENCH_32 of ../tb/driver.cpp
Generating dependencies for HLS config IOCFG_32 of ../src/sha.cpp
/opt/cad/stratus/bin/bdw_wrapgen -project project.tcl -module sha "-Ibdw_work/wrappers   -I../src "
/opt/cad/stratus/bin/bdw_tracegen -module sha  
/opt/cad/stratus/bin/bdw_shell /opt/cad/stratus/share/stratus/tcl/bdw_siminfo.tcl project.tcl BEHAV_32
/opt/cad/incisive/tools/bin/ncsc -GCC_VERS 4.1 -64bit -cdslib bdw_work/cds.lib -hdlvar bdw_work/hdl.var -nolog -manual -CFlags " -Ibdw_work/modules/sha/IOCFG_32 -I./ -I./ -Ibdw_work/wrappers  -DBDW_CC_SPEC=1 -Ibdw_work/modules/sha/IOCFG_32/c_parts  -DioConfig_IOCFG_32 -D_p_ioConfig_IOCFG_32 -DioConfig=IOCFG_32 -D_wrap_ioConfig=IOCFG_32 -DID_WIDTH=6 -D_wrap_ID_WIDTH=6 -DADDR_WIDTH=32 -D_wrap_ADDR_WIDTH=32 -DDATA_WIDTH=32 -D_wrap_DATA_WIDTH=32 -DCLOCK_PERIOD=10.0 -D_wrap_CLOCK_PERIOD=10.0 -DRESET_PERIOD=300.0 -D_wrap_RESET_PERIOD=300.0 -DMAX_SAMPLES=32 -D_wrap_MAX_SAMPLES=32 -DNSAMPLES=16 -D_wrap_NSAMPLES=16 -DNITERS=4 -D_wrap_NITERS=4 -DDEBUG=1 -D_wrap_DEBUG=1    -c -I../src   -fPIC  -I/opt/cad/stratus/share/stratus/include -I/opt/cad/incisive/tools/systemc/include -I/opt/cad/incisive/tools/systemc/include/tlm2 -I/opt/cad/incisive/tools/tbsc/include -I/opt/cad/incisive/tools/systemc/gcc/4.1/install/lib/gcc/x86_64-redhat-linux/4.1.2/include -g -DBDW_HUB=1    -DBDW_USE_SCV=0 -o bdw_work/modules/sha/IOCFG_32/incisive/sha.o " bdw_work/wrappers/sha_wrap.cpp
ncsc(64): 15.20-s055: (c) Copyright 1995-2018 Cadence Design Systems, Inc.
ncsc: /opt/cad/incisive/tools/cdsgcc/gcc/4.1/bin/g++ -DNCSC -DCADENCE  -DLNX86 -I/opt/cad/incisive/tools/systemc/include_pch/64bit  -Ibdw_work/modules/sha/IOCFG_32 -I./ -I./ -Ibdw_work/wrappers  -DBDW_CC_SPEC=1 -Ibdw_work/modules/sha/IOCFG_32/c_parts  -DioConfig_IOCFG_32 -D_p_ioConfig_IOCFG_32 -DioConfig=IOCFG_32 -D_wrap_ioConfig=IOCFG_32 -DID_WIDTH=6 -D_wrap_ID_WIDTH=6 -DADDR_WIDTH=32 -D_wrap_ADDR_WIDTH=32 -DDATA_WIDTH=32 -D_wrap_DATA_WIDTH=32 -DCLOCK_PERIOD=10.0 -D_wrap_CLOCK_PERIOD=10.0 -DRESET_PERIOD=300.0 -D_wrap_RESET_PERIOD=300.0 -DMAX_SAMPLES=32 -D_wrap_MAX_SAMPLES=32 -DNSAMPLES=16 -D_wrap_NSAMPLES=16 -DNITERS=4 -D_wrap_NITERS=4 -DDEBUG=1 -D_wrap_DEBUG=1    -c -I../src   -fPIC  -I/opt/cad/stratus/share/stratus/include -I/opt/cad/incisive/tools/systemc/include -I/opt/cad/incisive/tools/systemc/include/tlm2 -I/opt/cad/incisive/tools/tbsc/include -I/opt/cad/incisive/tools/systemc/gcc/4.1/install/lib/gcc/x86_64-redhat-linux/4.1.2/include -g -DBDW_HUB=1    -DBDW_USE_SCV=0 -o bdw_work/modules/sha/IOCFG_32/incisive/sha.o   bdw_work/wrappers/sha_wrap.cpp
./../src/handshake.hpp:105:28: warning: no newline at end of file
./../src/axi_traits.hpp:43:32: warning: no newline at end of file
./../src/sha.hpp:194:25: warning: no newline at end of file
./../src/register_map.hpp:27:34: warning: no newline at end of file
./../src/sha_regs.hpp:191:30: warning: no newline at end of file
./../src/sha_utils.hpp:153:28: warning: no newline at end of file
./../src/sha_functions.hpp:20:35: warning: no newline at end of file
./../src/sha.cpp:186:2: warning: no newline at end of file
ncsc: Running scFrontEnd on bdw_work/wrappers/sha_wrap.cpp using library bdw_worklib...
/opt/cad/incisive/tools/bin/ncsc -GCC_VERS 4.1 -64bit -cdslib bdw_work/cds.lib -hdlvar bdw_work/hdl.var -nolog -manual -CFlags " -Ibdw_work/modules/tb/TESTBENCH_32 -I./ -I./ -Ibdw_work/wrappers   -DTESTBENCH_32=1 -DBDW_RTL_tb_TESTBENCH_32=1 -DioConfig_IOCFG_32 -D_p_ioConfig_IOCFG_32 -DioConfig=IOCFG_32 -D_wrap_ioConfig=IOCFG_32 -DID_WIDTH=6 -D_wrap_ID_WIDTH=6 -DADDR_WIDTH=32 -D_wrap_ADDR_WIDTH=32 -DDATA_WIDTH=32 -D_wrap_DATA_WIDTH=32 -DCLOCK_PERIOD=10.0 -D_wrap_CLOCK_PERIOD=10.0 -DRESET_PERIOD=300.0 -D_wrap_RESET_PERIOD=300.0 -DMAX_SAMPLES=32 -D_wrap_MAX_SAMPLES=32 -DNSAMPLES=16 -D_wrap_NSAMPLES=16 -DNITERS=4 -D_wrap_NITERS=4 -DDEBUG=1 -D_wrap_DEBUG=1  -c -I../src   -fPIC  -I/opt/cad/stratus/share/stratus/include -I/opt/cad/incisive/tools/systemc/include -I/opt/cad/incisive/tools/systemc/include/tlm2 -I/opt/cad/incisive/tools/tbsc/include -I/opt/cad/incisive/tools/systemc/gcc/4.1/install/lib/gcc/x86_64-redhat-linux/4.1.2/include -g -DBDW_HUB=1    -DBDW_USE_SCV=0 -o bdw_work/modules/tb/TESTBENCH_32/incisive/driver.o " ../tb/driver.cpp
ncsc(64): 15.20-s055: (c) Copyright 1995-2018 Cadence Design Systems, Inc.
ncsc: /opt/cad/incisive/tools/cdsgcc/gcc/4.1/bin/g++ -DNCSC -DCADENCE  -DLNX86 -I/opt/cad/incisive/tools/systemc/include_pch/64bit  -Ibdw_work/modules/tb/TESTBENCH_32 -I./ -I./ -Ibdw_work/wrappers   -DTESTBENCH_32=1 -DBDW_RTL_tb_TESTBENCH_32=1 -DioConfig_IOCFG_32 -D_p_ioConfig_IOCFG_32 -DioConfig=IOCFG_32 -D_wrap_ioConfig=IOCFG_32 -DID_WIDTH=6 -D_wrap_ID_WIDTH=6 -DADDR_WIDTH=32 -D_wrap_ADDR_WIDTH=32 -DDATA_WIDTH=32 -D_wrap_DATA_WIDTH=32 -DCLOCK_PERIOD=10.0 -D_wrap_CLOCK_PERIOD=10.0 -DRESET_PERIOD=300.0 -D_wrap_RESET_PERIOD=300.0 -DMAX_SAMPLES=32 -D_wrap_MAX_SAMPLES=32 -DNSAMPLES=16 -D_wrap_NSAMPLES=16 -DNITERS=4 -D_wrap_NITERS=4 -DDEBUG=1 -D_wrap_DEBUG=1  -c -I../src   -fPIC  -I/opt/cad/stratus/share/stratus/include -I/opt/cad/incisive/tools/systemc/include -I/opt/cad/incisive/tools/systemc/include/tlm2 -I/opt/cad/incisive/tools/tbsc/include -I/opt/cad/incisive/tools/systemc/gcc/4.1/install/lib/gcc/x86_64-redhat-linux/4.1.2/include -g -DBDW_HUB=1    -DBDW_USE_SCV=0 -o bdw_work/modules/tb/TESTBENCH_32/incisive/driver.o   ../tb/driver.cpp
../src/axi_traits.hpp:43:32: warning: no newline at end of file
../tb/driver.hpp:65:28: warning: no newline at end of file
../tb/memory.hpp:80:28: warning: no newline at end of file
../tb/system.hpp:130:28: warning: no newline at end of file
../src/register_map.hpp:27:34: warning: no newline at end of file
../tb/driver.cpp:121:2: warning: no newline at end of file
ncsc: Running scFrontEnd on ../tb/driver.cpp using library bdw_worklib...
/opt/cad/incisive/tools/bin/ncsc -GCC_VERS 4.1 -64bit -cdslib bdw_work/cds.lib -hdlvar bdw_work/hdl.var -nolog -manual -CFlags " -Ibdw_work/modules/tb/TESTBENCH_32 -I./ -I./ -Ibdw_work/wrappers   -DTESTBENCH_32=1 -DBDW_RTL_tb_TESTBENCH_32=1 -DioConfig_IOCFG_32 -D_p_ioConfig_IOCFG_32 -DioConfig=IOCFG_32 -D_wrap_ioConfig=IOCFG_32 -DID_WIDTH=6 -D_wrap_ID_WIDTH=6 -DADDR_WIDTH=32 -D_wrap_ADDR_WIDTH=32 -DDATA_WIDTH=32 -D_wrap_DATA_WIDTH=32 -DCLOCK_PERIOD=10.0 -D_wrap_CLOCK_PERIOD=10.0 -DRESET_PERIOD=300.0 -D_wrap_RESET_PERIOD=300.0 -DMAX_SAMPLES=32 -D_wrap_MAX_SAMPLES=32 -DNSAMPLES=16 -D_wrap_NSAMPLES=16 -DNITERS=4 -D_wrap_NITERS=4 -DDEBUG=1 -D_wrap_DEBUG=1  -c -I../src   -fPIC  -I/opt/cad/stratus/share/stratus/include -I/opt/cad/incisive/tools/systemc/include -I/opt/cad/incisive/tools/systemc/include/tlm2 -I/opt/cad/incisive/tools/tbsc/include -I/opt/cad/incisive/tools/systemc/gcc/4.1/install/lib/gcc/x86_64-redhat-linux/4.1.2/include -g -DBDW_HUB=1    -DBDW_USE_SCV=0 -o bdw_work/modules/tb/TESTBENCH_32/incisive/memory.o " ../tb/memory.cpp
ncsc(64): 15.20-s055: (c) Copyright 1995-2018 Cadence Design Systems, Inc.
ncsc: /opt/cad/incisive/tools/cdsgcc/gcc/4.1/bin/g++ -DNCSC -DCADENCE  -DLNX86 -I/opt/cad/incisive/tools/systemc/include_pch/64bit  -Ibdw_work/modules/tb/TESTBENCH_32 -I./ -I./ -Ibdw_work/wrappers   -DTESTBENCH_32=1 -DBDW_RTL_tb_TESTBENCH_32=1 -DioConfig_IOCFG_32 -D_p_ioConfig_IOCFG_32 -DioConfig=IOCFG_32 -D_wrap_ioConfig=IOCFG_32 -DID_WIDTH=6 -D_wrap_ID_WIDTH=6 -DADDR_WIDTH=32 -D_wrap_ADDR_WIDTH=32 -DDATA_WIDTH=32 -D_wrap_DATA_WIDTH=32 -DCLOCK_PERIOD=10.0 -D_wrap_CLOCK_PERIOD=10.0 -DRESET_PERIOD=300.0 -D_wrap_RESET_PERIOD=300.0 -DMAX_SAMPLES=32 -D_wrap_MAX_SAMPLES=32 -DNSAMPLES=16 -D_wrap_NSAMPLES=16 -DNITERS=4 -D_wrap_NITERS=4 -DDEBUG=1 -D_wrap_DEBUG=1  -c -I../src   -fPIC  -I/opt/cad/stratus/share/stratus/include -I/opt/cad/incisive/tools/systemc/include -I/opt/cad/incisive/tools/systemc/include/tlm2 -I/opt/cad/incisive/tools/tbsc/include -I/opt/cad/incisive/tools/systemc/gcc/4.1/install/lib/gcc/x86_64-redhat-linux/4.1.2/include -g -DBDW_HUB=1    -DBDW_USE_SCV=0 -o bdw_work/modules/tb/TESTBENCH_32/incisive/memory.o   ../tb/memory.cpp
../src/axi_traits.hpp:43:32: warning: no newline at end of file
../tb/memory.hpp:80:28: warning: no newline at end of file
../tb/memory.cpp:86:2: warning: no newline at end of file
ncsc: Running scFrontEnd on ../tb/memory.cpp using library bdw_worklib...
/opt/cad/incisive/tools/bin/ncsc -GCC_VERS 4.1 -64bit -cdslib bdw_work/cds.lib -hdlvar bdw_work/hdl.var -nolog -manual -CFlags " -Ibdw_work/modules/tb/TESTBENCH_32 -I./ -I./ -Ibdw_work/wrappers   -DTESTBENCH_32=1 -DBDW_RTL_tb_TESTBENCH_32=1 -DioConfig_IOCFG_32 -D_p_ioConfig_IOCFG_32 -DioConfig=IOCFG_32 -D_wrap_ioConfig=IOCFG_32 -DID_WIDTH=6 -D_wrap_ID_WIDTH=6 -DADDR_WIDTH=32 -D_wrap_ADDR_WIDTH=32 -DDATA_WIDTH=32 -D_wrap_DATA_WIDTH=32 -DCLOCK_PERIOD=10.0 -D_wrap_CLOCK_PERIOD=10.0 -DRESET_PERIOD=300.0 -D_wrap_RESET_PERIOD=300.0 -DMAX_SAMPLES=32 -D_wrap_MAX_SAMPLES=32 -DNSAMPLES=16 -D_wrap_NSAMPLES=16 -DNITERS=4 -D_wrap_NITERS=4 -DDEBUG=1 -D_wrap_DEBUG=1  -c -I../src   -fPIC  -I/opt/cad/stratus/share/stratus/include -I/opt/cad/incisive/tools/systemc/include -I/opt/cad/incisive/tools/systemc/include/tlm2 -I/opt/cad/incisive/tools/tbsc/include -I/opt/cad/incisive/tools/systemc/gcc/4.1/install/lib/gcc/x86_64-redhat-linux/4.1.2/include -g -DBDW_HUB=1    -DBDW_USE_SCV=0 -o bdw_work/modules/tb/TESTBENCH_32/incisive/system.o " ../tb/system.cpp
ncsc(64): 15.20-s055: (c) Copyright 1995-2018 Cadence Design Systems, Inc.
ncsc: /opt/cad/incisive/tools/cdsgcc/gcc/4.1/bin/g++ -DNCSC -DCADENCE  -DLNX86 -I/opt/cad/incisive/tools/systemc/include_pch/64bit  -Ibdw_work/modules/tb/TESTBENCH_32 -I./ -I./ -Ibdw_work/wrappers   -DTESTBENCH_32=1 -DBDW_RTL_tb_TESTBENCH_32=1 -DioConfig_IOCFG_32 -D_p_ioConfig_IOCFG_32 -DioConfig=IOCFG_32 -D_wrap_ioConfig=IOCFG_32 -DID_WIDTH=6 -D_wrap_ID_WIDTH=6 -DADDR_WIDTH=32 -D_wrap_ADDR_WIDTH=32 -DDATA_WIDTH=32 -D_wrap_DATA_WIDTH=32 -DCLOCK_PERIOD=10.0 -D_wrap_CLOCK_PERIOD=10.0 -DRESET_PERIOD=300.0 -D_wrap_RESET_PERIOD=300.0 -DMAX_SAMPLES=32 -D_wrap_MAX_SAMPLES=32 -DNSAMPLES=16 -D_wrap_NSAMPLES=16 -DNITERS=4 -D_wrap_NITERS=4 -DDEBUG=1 -D_wrap_DEBUG=1  -c -I../src   -fPIC  -I/opt/cad/stratus/share/stratus/include -I/opt/cad/incisive/tools/systemc/include -I/opt/cad/incisive/tools/systemc/include/tlm2 -I/opt/cad/incisive/tools/tbsc/include -I/opt/cad/incisive/tools/systemc/gcc/4.1/install/lib/gcc/x86_64-redhat-linux/4.1.2/include -g -DBDW_HUB=1    -DBDW_USE_SCV=0 -o bdw_work/modules/tb/TESTBENCH_32/incisive/system.o   ../tb/system.cpp
../src/axi_traits.hpp:43:32: warning: no newline at end of file
../tb/driver.hpp:65:28: warning: no newline at end of file
../tb/memory.hpp:80:28: warning: no newline at end of file
../tb/system.hpp:130:28: warning: no newline at end of file
../src/register_map.hpp:27:34: warning: no newline at end of file
../tb/system.cpp:71:2: warning: no newline at end of file
ncsc: Running scFrontEnd on ../tb/system.cpp using library bdw_worklib...
/opt/cad/incisive/tools/bin/ncsc -GCC_VERS 4.1 -64bit -cdslib bdw_work/cds.lib -hdlvar bdw_work/hdl.var -nolog -manual -CFlags " -Ibdw_work/modules/tb/TESTBENCH_32 -I./ -I./ -Ibdw_work/wrappers   -DTESTBENCH_32=1 -DBDW_RTL_tb_TESTBENCH_32=1 -DioConfig_IOCFG_32 -D_p_ioConfig_IOCFG_32 -DioConfig=IOCFG_32 -D_wrap_ioConfig=IOCFG_32 -DID_WIDTH=6 -D_wrap_ID_WIDTH=6 -DADDR_WIDTH=32 -D_wrap_ADDR_WIDTH=32 -DDATA_WIDTH=32 -D_wrap_DATA_WIDTH=32 -DCLOCK_PERIOD=10.0 -D_wrap_CLOCK_PERIOD=10.0 -DRESET_PERIOD=300.0 -D_wrap_RESET_PERIOD=300.0 -DMAX_SAMPLES=32 -D_wrap_MAX_SAMPLES=32 -DNSAMPLES=16 -D_wrap_NSAMPLES=16 -DNITERS=4 -D_wrap_NITERS=4 -DDEBUG=1 -D_wrap_DEBUG=1  -c -I../src   -fPIC  -I/opt/cad/stratus/share/stratus/include -I/opt/cad/incisive/tools/systemc/include -I/opt/cad/incisive/tools/systemc/include/tlm2 -I/opt/cad/incisive/tools/tbsc/include -I/opt/cad/incisive/tools/systemc/gcc/4.1/install/lib/gcc/x86_64-redhat-linux/4.1.2/include -g -DBDW_HUB=1    -DBDW_USE_SCV=0 -o bdw_work/modules/tb/TESTBENCH_32/incisive/sc_main.o " ../tb/sc_main.cpp
ncsc(64): 15.20-s055: (c) Copyright 1995-2018 Cadence Design Systems, Inc.
ncsc: /opt/cad/incisive/tools/cdsgcc/gcc/4.1/bin/g++ -DNCSC -DCADENCE  -DLNX86 -I/opt/cad/incisive/tools/systemc/include_pch/64bit  -Ibdw_work/modules/tb/TESTBENCH_32 -I./ -I./ -Ibdw_work/wrappers   -DTESTBENCH_32=1 -DBDW_RTL_tb_TESTBENCH_32=1 -DioConfig_IOCFG_32 -D_p_ioConfig_IOCFG_32 -DioConfig=IOCFG_32 -D_wrap_ioConfig=IOCFG_32 -DID_WIDTH=6 -D_wrap_ID_WIDTH=6 -DADDR_WIDTH=32 -D_wrap_ADDR_WIDTH=32 -DDATA_WIDTH=32 -D_wrap_DATA_WIDTH=32 -DCLOCK_PERIOD=10.0 -D_wrap_CLOCK_PERIOD=10.0 -DRESET_PERIOD=300.0 -D_wrap_RESET_PERIOD=300.0 -DMAX_SAMPLES=32 -D_wrap_MAX_SAMPLES=32 -DNSAMPLES=16 -D_wrap_NSAMPLES=16 -DNITERS=4 -D_wrap_NITERS=4 -DDEBUG=1 -D_wrap_DEBUG=1  -c -I../src   -fPIC  -I/opt/cad/stratus/share/stratus/include -I/opt/cad/incisive/tools/systemc/include -I/opt/cad/incisive/tools/systemc/include/tlm2 -I/opt/cad/incisive/tools/tbsc/include -I/opt/cad/incisive/tools/systemc/gcc/4.1/install/lib/gcc/x86_64-redhat-linux/4.1.2/include -g -DBDW_HUB=1    -DBDW_USE_SCV=0 -o bdw_work/modules/tb/TESTBENCH_32/incisive/sc_main.o   ../tb/sc_main.cpp
../src/axi_traits.hpp:43:32: warning: no newline at end of file
../tb/driver.hpp:65:28: warning: no newline at end of file
../tb/memory.hpp:80:28: warning: no newline at end of file
../tb/system.hpp:130:28: warning: no newline at end of file
../tb/sc_main.cpp:55:2: warning: no newline at end of file
ncsc: Running scFrontEnd on ../tb/sc_main.cpp using library bdw_worklib...
/opt/cad/incisive/tools/bin/ncsc -GCC_VERS 4.1 -64bit -cdslib bdw_work/cds.lib -hdlvar bdw_work/hdl.var -nolog -manual -CFlags "-TP -I./ -Ibdw_work/wrappers   -I../tb -I../src -c -I../src   -fPIC  -I/opt/cad/stratus/share/stratus/include -I/opt/cad/incisive/tools/systemc/include -I/opt/cad/incisive/tools/systemc/include/tlm2 -I/opt/cad/incisive/tools/tbsc/include -I/opt/cad/incisive/tools/systemc/gcc/4.1/install/lib/gcc/x86_64-redhat-linux/4.1.2/include -g -DBDW_HUB=1    -DBDW_USE_SCV=0 -o bdw_work/libesc/incisive/esc_utils.o " /opt/cad/stratus/share/stratus/source/esc_utils.cc
ncsc(64): 15.20-s055: (c) Copyright 1995-2018 Cadence Design Systems, Inc.
ncsc: /opt/cad/incisive/tools/cdsgcc/gcc/4.1/bin/g++ -DNCSC -DCADENCE  -DLNX86 -I/opt/cad/incisive/tools/systemc/include_pch/64bit -TP -I./ -Ibdw_work/wrappers   -I../tb -I../src -c -I../src   -fPIC  -I/opt/cad/stratus/share/stratus/include -I/opt/cad/incisive/tools/systemc/include -I/opt/cad/incisive/tools/systemc/include/tlm2 -I/opt/cad/incisive/tools/tbsc/include -I/opt/cad/incisive/tools/systemc/gcc/4.1/install/lib/gcc/x86_64-redhat-linux/4.1.2/include -g -DBDW_HUB=1    -DBDW_USE_SCV=0 -o bdw_work/libesc/incisive/esc_utils.o   /opt/cad/stratus/share/stratus/source/esc_utils.cc
ncsc: Running scFrontEnd on /opt/cad/stratus/share/stratus/source/esc_utils.cc using library bdw_worklib...
/opt/cad/incisive/tools/bin/ncsc -GCC_VERS 4.1 -64bit -cdslib bdw_work/cds.lib -hdlvar bdw_work/hdl.var -nolog -manual -CFlags "-TP -I./ -Ibdw_work/wrappers   -I../tb -I../src -c -I../src   -fPIC  -I/opt/cad/stratus/share/stratus/include -I/opt/cad/incisive/tools/systemc/include -I/opt/cad/incisive/tools/systemc/include/tlm2 -I/opt/cad/incisive/tools/tbsc/include -I/opt/cad/incisive/tools/systemc/gcc/4.1/install/lib/gcc/x86_64-redhat-linux/4.1.2/include -g -DBDW_HUB=1    -DBDW_USE_SCV=0 -o bdw_work/libesc/incisive/esc_hub.o " /opt/cad/stratus/share/stratus/source/esc_hub.cc
ncsc(64): 15.20-s055: (c) Copyright 1995-2018 Cadence Design Systems, Inc.
ncsc: /opt/cad/incisive/tools/cdsgcc/gcc/4.1/bin/g++ -DNCSC -DCADENCE  -DLNX86 -I/opt/cad/incisive/tools/systemc/include_pch/64bit -TP -I./ -Ibdw_work/wrappers   -I../tb -I../src -c -I../src   -fPIC  -I/opt/cad/stratus/share/stratus/include -I/opt/cad/incisive/tools/systemc/include -I/opt/cad/incisive/tools/systemc/include/tlm2 -I/opt/cad/incisive/tools/tbsc/include -I/opt/cad/incisive/tools/systemc/gcc/4.1/install/lib/gcc/x86_64-redhat-linux/4.1.2/include -g -DBDW_HUB=1    -DBDW_USE_SCV=0 -o bdw_work/libesc/incisive/esc_hub.o   /opt/cad/stratus/share/stratus/source/esc_hub.cc
ncsc: Running scFrontEnd on /opt/cad/stratus/share/stratus/source/esc_hub.cc using library bdw_worklib...
/opt/cad/incisive/tools/bin/ncsc -GCC_VERS 4.1 -64bit -cdslib bdw_work/cds.lib -hdlvar bdw_work/hdl.var -nolog -manual -CFlags "-TP -I./ -Ibdw_work/wrappers   -I../tb -I../src -c -I../src   -fPIC  -I/opt/cad/stratus/share/stratus/include -I/opt/cad/incisive/tools/systemc/include -I/opt/cad/incisive/tools/systemc/include/tlm2 -I/opt/cad/incisive/tools/tbsc/include -I/opt/cad/incisive/tools/systemc/gcc/4.1/install/lib/gcc/x86_64-redhat-linux/4.1.2/include -g -DBDW_HUB=1    -DBDW_USE_SCV=0 -o bdw_work/libesc/incisive/esc_cosim.o " /opt/cad/stratus/share/stratus/source/esc_cosim.cc
ncsc(64): 15.20-s055: (c) Copyright 1995-2018 Cadence Design Systems, Inc.
ncsc: /opt/cad/incisive/tools/cdsgcc/gcc/4.1/bin/g++ -DNCSC -DCADENCE  -DLNX86 -I/opt/cad/incisive/tools/systemc/include_pch/64bit -TP -I./ -Ibdw_work/wrappers   -I../tb -I../src -c -I../src   -fPIC  -I/opt/cad/stratus/share/stratus/include -I/opt/cad/incisive/tools/systemc/include -I/opt/cad/incisive/tools/systemc/include/tlm2 -I/opt/cad/incisive/tools/tbsc/include -I/opt/cad/incisive/tools/systemc/gcc/4.1/install/lib/gcc/x86_64-redhat-linux/4.1.2/include -g -DBDW_HUB=1    -DBDW_USE_SCV=0 -o bdw_work/libesc/incisive/esc_cosim.o   /opt/cad/stratus/share/stratus/source/esc_cosim.cc
ncsc: Running scFrontEnd on /opt/cad/stratus/share/stratus/source/esc_cosim.cc using library bdw_worklib...
/opt/cad/incisive/tools/bin/ncsc -GCC_VERS 4.1 -64bit -cdslib bdw_work/cds.lib -hdlvar bdw_work/hdl.var -nolog -manual -CFlags "-TP -I./ -Ibdw_work/wrappers   -I../tb -I../src -c -I../src   -fPIC  -I/opt/cad/stratus/share/stratus/include -I/opt/cad/incisive/tools/systemc/include -I/opt/cad/incisive/tools/systemc/include/tlm2 -I/opt/cad/incisive/tools/tbsc/include -I/opt/cad/incisive/tools/systemc/gcc/4.1/install/lib/gcc/x86_64-redhat-linux/4.1.2/include -g -DBDW_HUB=1    -DBDW_USE_SCV=0 -o bdw_work/libesc/incisive/esc_type.o " /opt/cad/stratus/share/stratus/source/esc_type.cc
ncsc(64): 15.20-s055: (c) Copyright 1995-2018 Cadence Design Systems, Inc.
ncsc: /opt/cad/incisive/tools/cdsgcc/gcc/4.1/bin/g++ -DNCSC -DCADENCE  -DLNX86 -I/opt/cad/incisive/tools/systemc/include_pch/64bit -TP -I./ -Ibdw_work/wrappers   -I../tb -I../src -c -I../src   -fPIC  -I/opt/cad/stratus/share/stratus/include -I/opt/cad/incisive/tools/systemc/include -I/opt/cad/incisive/tools/systemc/include/tlm2 -I/opt/cad/incisive/tools/tbsc/include -I/opt/cad/incisive/tools/systemc/gcc/4.1/install/lib/gcc/x86_64-redhat-linux/4.1.2/include -g -DBDW_HUB=1    -DBDW_USE_SCV=0 -o bdw_work/libesc/incisive/esc_type.o   /opt/cad/stratus/share/stratus/source/esc_type.cc
ncsc: Running scFrontEnd on /opt/cad/stratus/share/stratus/source/esc_type.cc using library bdw_worklib...
/opt/cad/incisive/tools/bin/ncsc -GCC_VERS 4.1 -64bit -cdslib bdw_work/cds.lib -hdlvar bdw_work/hdl.var -nolog -manual -CFlags "-TP -I./ -Ibdw_work/wrappers   -I../tb -I../src -c -I../src   -fPIC  -I/opt/cad/stratus/share/stratus/include -I/opt/cad/incisive/tools/systemc/include -I/opt/cad/incisive/tools/systemc/include/tlm2 -I/opt/cad/incisive/tools/tbsc/include -I/opt/cad/incisive/tools/systemc/gcc/4.1/install/lib/gcc/x86_64-redhat-linux/4.1.2/include -g -DBDW_HUB=1    -DBDW_USE_SCV=0 -o bdw_work/libesc/incisive/esc_elab.o " /opt/cad/stratus/share/stratus/source/esc_elab.cc
ncsc(64): 15.20-s055: (c) Copyright 1995-2018 Cadence Design Systems, Inc.
ncsc: /opt/cad/incisive/tools/cdsgcc/gcc/4.1/bin/g++ -DNCSC -DCADENCE  -DLNX86 -I/opt/cad/incisive/tools/systemc/include_pch/64bit -TP -I./ -Ibdw_work/wrappers   -I../tb -I../src -c -I../src   -fPIC  -I/opt/cad/stratus/share/stratus/include -I/opt/cad/incisive/tools/systemc/include -I/opt/cad/incisive/tools/systemc/include/tlm2 -I/opt/cad/incisive/tools/tbsc/include -I/opt/cad/incisive/tools/systemc/gcc/4.1/install/lib/gcc/x86_64-redhat-linux/4.1.2/include -g -DBDW_HUB=1    -DBDW_USE_SCV=0 -o bdw_work/libesc/incisive/esc_elab.o   /opt/cad/stratus/share/stratus/source/esc_elab.cc
ncsc: Running scFrontEnd on /opt/cad/stratus/share/stratus/source/esc_elab.cc using library bdw_worklib...
/opt/cad/incisive/tools/bin/ncsc -GCC_VERS 4.1 -64bit -cdslib bdw_work/cds.lib -hdlvar bdw_work/hdl.var -nolog -manual -CFlags "-TP -I./ -Ibdw_work/wrappers   -I../tb -I../src -c -I../src   -fPIC  -I/opt/cad/stratus/share/stratus/include -I/opt/cad/incisive/tools/systemc/include -I/opt/cad/incisive/tools/systemc/include/tlm2 -I/opt/cad/incisive/tools/tbsc/include -I/opt/cad/incisive/tools/systemc/gcc/4.1/install/lib/gcc/x86_64-redhat-linux/4.1.2/include -g -DBDW_HUB=1    -DBDW_USE_SCV=0 -o bdw_work/libesc/incisive/esc_cleanup.o " /opt/cad/stratus/share/stratus/source/esc_cleanup.cc
ncsc(64): 15.20-s055: (c) Copyright 1995-2018 Cadence Design Systems, Inc.
ncsc: /opt/cad/incisive/tools/cdsgcc/gcc/4.1/bin/g++ -DNCSC -DCADENCE  -DLNX86 -I/opt/cad/incisive/tools/systemc/include_pch/64bit -TP -I./ -Ibdw_work/wrappers   -I../tb -I../src -c -I../src   -fPIC  -I/opt/cad/stratus/share/stratus/include -I/opt/cad/incisive/tools/systemc/include -I/opt/cad/incisive/tools/systemc/include/tlm2 -I/opt/cad/incisive/tools/tbsc/include -I/opt/cad/incisive/tools/systemc/gcc/4.1/install/lib/gcc/x86_64-redhat-linux/4.1.2/include -g -DBDW_HUB=1    -DBDW_USE_SCV=0 -o bdw_work/libesc/incisive/esc_cleanup.o   /opt/cad/stratus/share/stratus/source/esc_cleanup.cc
ncsc: Running scFrontEnd on /opt/cad/stratus/share/stratus/source/esc_cleanup.cc using library bdw_worklib...
/opt/cad/incisive/tools/bin/ncsc -GCC_VERS 4.1 -64bit -cdslib bdw_work/cds.lib -hdlvar bdw_work/hdl.var -nolog -manual -CFlags "-TP -I./ -Ibdw_work/wrappers   -I../tb -I../src -c -I../src   -fPIC  -I/opt/cad/stratus/share/stratus/include -I/opt/cad/incisive/tools/systemc/include -I/opt/cad/incisive/tools/systemc/include/tlm2 -I/opt/cad/incisive/tools/tbsc/include -I/opt/cad/incisive/tools/systemc/gcc/4.1/install/lib/gcc/x86_64-redhat-linux/4.1.2/include -g -DBDW_HUB=1    -DBDW_USE_SCV=0 -o bdw_work/libesc/incisive/esc_watcher.o " /opt/cad/stratus/share/stratus/source/esc_watcher.cc
ncsc(64): 15.20-s055: (c) Copyright 1995-2018 Cadence Design Systems, Inc.
ncsc: /opt/cad/incisive/tools/cdsgcc/gcc/4.1/bin/g++ -DNCSC -DCADENCE  -DLNX86 -I/opt/cad/incisive/tools/systemc/include_pch/64bit -TP -I./ -Ibdw_work/wrappers   -I../tb -I../src -c -I../src   -fPIC  -I/opt/cad/stratus/share/stratus/include -I/opt/cad/incisive/tools/systemc/include -I/opt/cad/incisive/tools/systemc/include/tlm2 -I/opt/cad/incisive/tools/tbsc/include -I/opt/cad/incisive/tools/systemc/gcc/4.1/install/lib/gcc/x86_64-redhat-linux/4.1.2/include -g -DBDW_HUB=1    -DBDW_USE_SCV=0 -o bdw_work/libesc/incisive/esc_watcher.o   /opt/cad/stratus/share/stratus/source/esc_watcher.cc
ncsc: Running scFrontEnd on /opt/cad/stratus/share/stratus/source/esc_watcher.cc using library bdw_worklib...
/opt/cad/stratus/tools.lnx86/stratus/gcc/4.1/bin/ar r  bdw_work/libesc/incisive/libesc.a bdw_work/libesc/incisive/esc_utils.o bdw_work/libesc/incisive/esc_hub.o bdw_work/libesc/incisive/esc_cosim.o bdw_work/libesc/incisive/esc_type.o bdw_work/libesc/incisive/esc_elab.o bdw_work/libesc/incisive/esc_cleanup.o bdw_work/libesc/incisive/esc_watcher.o
ar: creating bdw_work/libesc/incisive/libesc.a

BDW_SIM_CONFIG_DIR=bdw_work/sims/BEHAV_32 \
bdw_exec -jobproject project.tcl -job sim.BEHAV_32.s \
hub_ncsim \
-work BEHAV_32 -reflib worklib -reflib bdw_work/INCA_libs/bdw_worklib \
-messages -64bit \
-GCC_VERS 4.1 \
-NOTIMINGCHECKS -UNBUFFERED  \
-CFLAGS "-Wl,-rpath,/opt/cad/stratus/tools.lnx86/stratus/lib/64bit" \
bdw_work/modules/sha/IOCFG_32/incisive/sha.o bdw_work/modules/tb/TESTBENCH_32/incisive/driver.o bdw_work/modules/tb/TESTBENCH_32/incisive/memory.o bdw_work/modules/tb/TESTBENCH_32/incisive/system.o bdw_work/modules/tb/TESTBENCH_32/incisive/sc_main.o  \
 \
 \
bdw_work/libesc/incisive/libesc.a \
 \
 \
 \
 \
 \
-top sc_main   \
2>&1 | tee bdw_work/sims/BEHAV_32/bdw_sim.log
irun(64): 15.20-s055: (c) Copyright 1995-2018 Cadence Design Systems, Inc.
$CDSROOT = /opt/cad/incisive
$TESTDIR = /home/esp2020/yl4337/SHA/SystemC/Embedded_Scalable_Platform/syn

TOOL:	ncsc(64)	15.20-s055
building library run.so

NOTE: Cadence Design Systems Hub Simulation Platform : version 18.15-s100
	Elaborating the design hierarchy:
	Top level design units:
		sc_main
	Building instance specific data structures.
	Design hierarchy summary:
		                 Instances  Unique
		Simulation timescale:  1ps

	SystemC Design Summary:
		                    Instances
		sc_modules:               125
		sc_ports:                 689
		sc_exports:                20
		sc_signals:               367
		sc_methods:               140
		sc_threads:                 8
		sc_cthreads:                1
		sc_events:                 32
	Writing initial simulation snapshot: BEHAV_32.sc_main:sc_module
Loading snapshot BEHAV_32.sc_main:sc_module .................... Done
NOTE: Cadence Design Systems Hub Simulation Platform : version 18.15-s100
ncsim> run
Info: tb_system: Load memory completed

Debug: sha: IN_DATA_BASE_ADDR_REG: 0x00000000 (w)

Debug: sha: CMD_REG:  0x00000001 (w)

