irun(64): 15.20-s055: (c) Copyright 1995-2018 Cadence Design Systems, Inc.
$CDSROOT = /opt/cad/incisive
$TESTDIR = /home/esp2020/yl4337/SHA/SystemC/Embedded_Scalable_Platform/syn

TOOL:	ncsc(64)	15.20-s055
building library run.so

NOTE: Cadence Design Systems Hub Simulation Platform : version 18.15-s100
	Elaborating the design hierarchy:
	Top level design units:
		sc_main
	Building instance specific data structures.
	Design hierarchy summary:
		                 Instances  Unique
		Simulation timescale:  1ps

	SystemC Design Summary:
		                    Instances
		sc_modules:               125
		sc_ports:                 689
		sc_exports:                20
		sc_signals:               367
		sc_methods:               140
		sc_threads:                 8
		sc_cthreads:                1
		sc_events:                 32
	Writing initial simulation snapshot: BEHAV_32.sc_main:sc_module
Loading snapshot BEHAV_32.sc_main:sc_module .................... Done
NOTE: Cadence Design Systems Hub Simulation Platform : version 18.15-s100
ncsim> run
Info: tb_system: Load memory completed

Debug: sha: IN_DATA_BASE_ADDR_REG: 0x00000000 (w)

Debug: sha: CMD_REG:  0x00000001 (w)

The Golden Output is : 0
Info: driver: @350 ns BEGIN - fc_layer

Simulation interrupted at 557125195 NS + 0
ncsim> ^C
ncsim> ^C
ncsim> ^C
ncsim> ^C
ncsim> ^C
ncsim> ^C
ncsim> ^C
ncsim> ^C
ncsim> ^C
ncsim> ^C
ncsim> ^C
ncsim> ^C
ncsim> ^C
ncsim> ^C
ncsim> ^C
ncsim> ^C
ncsim> ^C
ncsim> ^C
ncsim> ncsim> ncsim> ncsim> 
